TN:
SF:/Users/rchgonzaga/Downloads/jobfair/vanhack_skipthedihes/src/Root.js
FN:10,renderRouteConfigV3
FN:14,(anonymous_1)
FN:27,(anonymous_2)
FN:34,(anonymous_3)
FN:38,(anonymous_4)
FN:49,(anonymous_5)
FNF:6
FNH:5
FNDA:3,renderRouteConfigV3
FNDA:16,(anonymous_1)
FNDA:0,(anonymous_2)
FNDA:13,(anonymous_3)
FNDA:3,(anonymous_4)
FNDA:2,(anonymous_5)
DA:12,3
DA:14,3
DA:16,16
DA:17,4
DA:19,12
DA:21,16
DA:22,16
DA:23,1
DA:24,1
DA:27,0
DA:31,15
DA:32,7
DA:33,8
DA:34,13
DA:38,3
DA:41,3
DA:50,2
DA:51,2
LF:18
LH:17
BRDA:16,0,0,4
BRDA:16,0,1,12
BRDA:22,1,0,1
BRDA:22,1,1,15
BRDA:22,2,0,16
BRDA:22,2,1,8
BRDA:31,3,0,7
BRDA:31,3,1,8
BRDA:33,4,0,4
BRDA:33,4,1,4
BRF:10
BRH:10
end_of_record
TN:
SF:/Users/rchgonzaga/Downloads/jobfair/vanhack_skipthedihes/src/index.js
FN:14,renderApp
FNF:1
FNH:1
FNDA:1,renderApp
DA:12,1
DA:15,1
DA:23,1
DA:27,1
LF:4
LH:4
BRDA:27,0,0,1
BRF:1
BRH:1
end_of_record
TN:
SF:/Users/rchgonzaga/Downloads/jobfair/vanhack_skipthedihes/src/common/configStore.js
FN:15,(anonymous_0)
FN:29,configureStore
FNF:2
FNH:2
FNDA:2,(anonymous_0)
FNDA:2,configureStore
DA:7,1
DA:10,1
DA:15,2
DA:18,1
DA:30,2
DA:36,2
DA:43,2
LF:7
LH:7
BRDA:18,0,0,1
BRDA:36,1,0,2
BRF:2
BRH:2
end_of_record
TN:
SF:/Users/rchgonzaga/Downloads/jobfair/vanhack_skipthedihes/src/common/history.js
FNF:0
FNH:0
DA:4,1
LF:1
LH:1
BRF:0
BRH:0
end_of_record
TN:
SF:/Users/rchgonzaga/Downloads/jobfair/vanhack_skipthedihes/src/common/rootReducer.js
FNF:0
FNH:0
DA:11,1
LF:1
LH:1
BRF:0
BRH:0
end_of_record
TN:
SF:/Users/rchgonzaga/Downloads/jobfair/vanhack_skipthedihes/src/common/routeConfig.js
FN:19,(anonymous_0)
FN:24,handleIndexRoute
FN:29,(anonymous_2)
FNF:3
FNH:3
FNDA:3,(anonymous_0)
FNDA:8,handleIndexRoute
FNDA:3,(anonymous_2)
DA:8,1
DA:13,1
DA:19,3
DA:25,8
DA:26,6
DA:29,3
DA:30,2
DA:31,1
DA:32,1
DA:33,1
DA:34,1
DA:35,1
DA:37,2
DA:40,1
LF:14
LH:14
BRDA:19,0,0,3
BRDA:19,0,1,2
BRDA:19,0,2,2
BRDA:25,1,0,6
BRDA:25,1,1,2
BRDA:25,2,0,8
BRDA:25,2,1,2
BRDA:30,3,0,1
BRDA:30,3,1,1
BRF:9
BRH:9
end_of_record
TN:
SF:/Users/rchgonzaga/Downloads/jobfair/vanhack_skipthedihes/src/features/common/LoginForm.js
FN:10,(anonymous_0)
FNF:1
FNH:1
FNDA:1,(anonymous_0)
DA:11,1
DA:12,1
LF:2
LH:2
BRF:0
BRH:0
end_of_record
TN:
SF:/Users/rchgonzaga/Downloads/jobfair/vanhack_skipthedihes/src/features/common/PageNotFound.js
FN:4,(anonymous_0)
FNF:1
FNH:1
FNDA:1,(anonymous_0)
DA:5,1
LF:1
LH:1
BRF:0
BRH:0
end_of_record
TN:
SF:/Users/rchgonzaga/Downloads/jobfair/vanhack_skipthedihes/src/features/common/index.js
FNF:0
FNH:0
LF:0
LH:0
BRF:0
BRH:0
end_of_record
TN:
SF:/Users/rchgonzaga/Downloads/jobfair/vanhack_skipthedihes/src/features/common/route.js
FNF:0
FNH:0
LF:0
LH:0
BRF:0
BRH:0
end_of_record
TN:
SF:/Users/rchgonzaga/Downloads/jobfair/vanhack_skipthedihes/src/features/common/redux/initialState.js
FNF:0
FNH:0
DA:9,1
LF:1
LH:1
BRF:0
BRH:0
end_of_record
TN:
SF:/Users/rchgonzaga/Downloads/jobfair/vanhack_skipthedihes/src/features/common/redux/reducer.js
FN:14,reducer
FNF:1
FNH:1
FNDA:5,reducer
DA:11,1
DA:16,5
DA:19,5
DA:20,5
LF:4
LH:4
BRDA:14,0,0,4
BRDA:16,1,0,5
BRF:2
BRH:2
end_of_record
TN:
SF:/Users/rchgonzaga/Downloads/jobfair/vanhack_skipthedihes/src/features/home/App.js
FN:24,(anonymous_0)
FNF:1
FNH:0
FNDA:0,(anonymous_0)
DA:25,0
LF:1
LH:0
BRDA:28,0,0,0
BRDA:28,0,1,0
BRF:2
BRH:0
end_of_record
TN:
SF:/Users/rchgonzaga/Downloads/jobfair/vanhack_skipthedihes/src/features/home/Home.js
FN:16,(anonymous_0)
FN:21,(anonymous_1)
FNF:2
FNH:1
FNDA:5,(anonymous_0)
FNDA:0,(anonymous_1)
DA:18,5
DA:22,0
DA:24,0
DA:25,0
LF:4
LH:1
BRDA:34,0,0,0
BRDA:34,0,1,0
BRDA:38,1,0,0
BRDA:38,1,1,0
BRF:4
BRH:0
end_of_record
TN:
SF:/Users/rchgonzaga/Downloads/jobfair/vanhack_skipthedihes/src/features/home/ProductList.js
FN:18,(anonymous_0)
FN:23,(anonymous_1)
FN:28,(anonymous_2)
FN:33,(anonymous_3)
FN:57,(anonymous_4)
FNF:5
FNH:0
FNDA:0,(anonymous_0)
FNDA:0,(anonymous_1)
FNDA:0,(anonymous_2)
FNDA:0,(anonymous_3)
FNDA:0,(anonymous_4)
DA:19,0
DA:20,0
DA:24,0
DA:25,0
DA:29,0
DA:34,0
DA:57,0
LF:7
LH:0
BRDA:32,0,0,0
BRDA:32,0,1,0
BRF:2
BRH:0
end_of_record
TN:
SF:/Users/rchgonzaga/Downloads/jobfair/vanhack_skipthedihes/src/features/home/RedditList.js
FN:13,(anonymous_0)
FN:18,(anonymous_1)
FNF:2
FNH:2
FNDA:2,(anonymous_0)
FNDA:5,(anonymous_1)
DA:14,2
DA:18,5
LF:2
LH:2
BRDA:17,0,0,1
BRDA:17,0,1,1
BRF:2
BRH:2
end_of_record
TN:
SF:/Users/rchgonzaga/Downloads/jobfair/vanhack_skipthedihes/src/features/home/Restaurant.js
FN:15,(anonymous_0)
FN:20,(anonymous_1)
FN:30,(anonymous_2)
FN:36,(anonymous_3)
FNF:4
FNH:1
FNDA:1,(anonymous_0)
FNDA:0,(anonymous_1)
FNDA:0,(anonymous_2)
FNDA:0,(anonymous_3)
DA:17,1
DA:21,0
DA:22,0
DA:23,0
DA:24,0
DA:30,0
DA:36,0
LF:7
LH:1
BRDA:35,0,0,0
BRDA:35,0,1,0
BRDA:40,1,0,0
BRDA:40,1,1,0
BRF:4
BRH:0
end_of_record
TN:
SF:/Users/rchgonzaga/Downloads/jobfair/vanhack_skipthedihes/src/features/home/RestaurantList.js
FN:15,(anonymous_0)
FN:20,(anonymous_1)
FNF:2
FNH:1
FNDA:1,(anonymous_0)
FNDA:0,(anonymous_1)
DA:16,1
DA:21,0
LF:2
LH:1
BRDA:19,0,0,0
BRDA:19,0,1,1
BRF:2
BRH:1
end_of_record
TN:
SF:/Users/rchgonzaga/Downloads/jobfair/vanhack_skipthedihes/src/features/home/RestaurantType.js
FN:15,(anonymous_0)
FN:20,(anonymous_1)
FNF:2
FNH:1
FNDA:1,(anonymous_0)
FNDA:0,(anonymous_1)
DA:16,1
DA:21,0
LF:2
LH:1
BRDA:19,0,0,0
BRDA:19,0,1,1
BRF:2
BRH:1
end_of_record
TN:
SF:/Users/rchgonzaga/Downloads/jobfair/vanhack_skipthedihes/src/features/home/Restaurants.js
FN:15,(anonymous_0)
FN:20,(anonymous_1)
FN:30,(anonymous_2)
FN:36,(anonymous_3)
FNF:4
FNH:1
FNDA:1,(anonymous_0)
FNDA:0,(anonymous_1)
FNDA:0,(anonymous_2)
FNDA:0,(anonymous_3)
DA:17,1
DA:21,0
DA:22,0
DA:23,0
DA:24,0
DA:30,0
DA:36,0
LF:7
LH:1
BRDA:35,0,0,0
BRDA:35,0,1,0
BRDA:40,1,0,0
BRDA:40,1,1,0
BRF:4
BRH:0
end_of_record
TN:
SF:/Users/rchgonzaga/Downloads/jobfair/vanhack_skipthedihes/src/features/home/SimpleNav.js
FN:14,(anonymous_0)
FN:18,(anonymous_1)
FN:21,(anonymous_2)
FN:49,(anonymous_3)
FN:53,(anonymous_4)
FN:60,(anonymous_5)
FN:62,(anonymous_6)
FNF:7
FNH:0
FNDA:0,(anonymous_0)
FNDA:0,(anonymous_1)
FNDA:0,(anonymous_2)
FNDA:0,(anonymous_3)
FNDA:0,(anonymous_4)
FNDA:0,(anonymous_5)
FNDA:0,(anonymous_6)
DA:15,0
DA:19,0
DA:22,0
DA:25,0
DA:26,0
DA:27,0
DA:28,0
DA:30,0
DA:33,0
DA:39,0
DA:40,0
DA:43,0
DA:50,0
DA:51,0
DA:53,0
DA:54,0
DA:61,0
DA:62,0
LF:18
LH:0
BRDA:22,0,0,0
BRDA:22,0,1,0
BRDA:25,1,0,0
BRDA:25,1,1,0
BRDA:27,2,0,0
BRDA:27,2,1,0
BRDA:35,3,0,0
BRDA:35,3,1,0
BRDA:39,4,0,0
BRDA:39,4,1,0
BRDA:39,5,0,0
BRDA:39,5,1,0
BRF:12
BRH:0
end_of_record
TN:
SF:/Users/rchgonzaga/Downloads/jobfair/vanhack_skipthedihes/src/features/home/TestPage.js
FN:13,(anonymous_0)
FNF:1
FNH:1
FNDA:1,(anonymous_0)
DA:14,1
DA:15,1
LF:2
LH:2
BRF:0
BRH:0
end_of_record
TN:
SF:/Users/rchgonzaga/Downloads/jobfair/vanhack_skipthedihes/src/features/home/index.js
FNF:0
FNH:0
LF:0
LH:0
BRF:0
BRH:0
end_of_record
TN:
SF:/Users/rchgonzaga/Downloads/jobfair/vanhack_skipthedihes/src/features/home/route.js
FNF:0
FNH:0
LF:0
LH:0
BRF:0
BRH:0
end_of_record
TN:
SF:/Users/rchgonzaga/Downloads/jobfair/vanhack_skipthedihes/src/features/home/redux/actions.js
FNF:0
FNH:0
LF:0
LH:0
BRF:0
BRH:0
end_of_record
TN:
SF:/Users/rchgonzaga/Downloads/jobfair/vanhack_skipthedihes/src/features/home/redux/addProductToCart.js
FN:7,addProductToCart
FN:14,reducer
FNF:2
FNH:2
FNDA:1,addProductToCart
FNDA:7,reducer
DA:8,1
DA:15,7
DA:17,1
DA:23,6
LF:4
LH:4
BRDA:15,0,0,1
BRDA:15,0,1,6
BRF:2
BRH:2
end_of_record
TN:
SF:/Users/rchgonzaga/Downloads/jobfair/vanhack_skipthedihes/src/features/home/redux/constants.js
FNF:0
FNH:0
DA:3,1
DA:4,1
DA:5,1
DA:6,1
DA:7,1
DA:8,1
DA:9,1
DA:10,1
DA:11,1
DA:12,1
DA:13,1
DA:14,1
DA:15,1
DA:16,1
DA:17,1
DA:18,1
DA:19,1
DA:20,1
DA:21,1
DA:22,1
DA:23,1
DA:24,1
DA:25,1
LF:23
LH:23
BRF:0
BRH:0
end_of_record
TN:
SF:/Users/rchgonzaga/Downloads/jobfair/vanhack_skipthedihes/src/features/home/redux/counterMinusOne.js
FN:5,counterMinusOne
FN:11,reducer
FNF:2
FNH:2
FNDA:1,counterMinusOne
FNDA:7,reducer
DA:6,1
DA:12,7
DA:14,1
DA:20,6
LF:4
LH:4
BRDA:12,0,0,1
BRDA:12,0,1,6
BRF:2
BRH:2
end_of_record
TN:
SF:/Users/rchgonzaga/Downloads/jobfair/vanhack_skipthedihes/src/features/home/redux/counterPlusOne.js
FN:5,counterPlusOne
FN:11,reducer
FNF:2
FNH:2
FNDA:1,counterPlusOne
FNDA:7,reducer
DA:6,1
DA:12,7
DA:14,1
DA:20,6
LF:4
LH:4
BRDA:12,0,0,1
BRDA:12,0,1,6
BRF:2
BRH:2
end_of_record
TN:
SF:/Users/rchgonzaga/Downloads/jobfair/vanhack_skipthedihes/src/features/home/redux/fetchRedditReactjsList.js
FN:9,fetchRedditReactjsList
FN:10,(anonymous_1)
FN:14,(anonymous_2)
FN:16,(anonymous_3)
FN:23,(anonymous_4)
FN:35,dismissFetchRedditReactjsListError
FN:41,reducer
FNF:7
FNH:7
FNDA:2,fetchRedditReactjsList
FNDA:2,(anonymous_1)
FNDA:2,(anonymous_2)
FNDA:1,(anonymous_3)
FNDA:1,(anonymous_4)
FNDA:1,dismissFetchRedditReactjsListError
FNDA:10,reducer
DA:10,2
DA:11,2
DA:14,2
DA:15,2
DA:17,1
DA:21,1
DA:24,1
DA:28,1
DA:36,1
DA:42,10
DA:44,1
DA:51,1
DA:59,1
DA:66,1
DA:72,6
LF:15
LH:15
BRDA:42,0,0,1
BRDA:42,0,1,1
BRDA:42,0,2,1
BRDA:42,0,3,1
BRDA:42,0,4,6
BRF:5
BRH:5
end_of_record
TN:
SF:/Users/rchgonzaga/Downloads/jobfair/vanhack_skipthedihes/src/features/home/redux/initialState.js
FNF:0
FNH:0
DA:8,1
LF:1
LH:1
BRF:0
BRH:0
end_of_record
TN:
SF:/Users/rchgonzaga/Downloads/jobfair/vanhack_skipthedihes/src/features/home/redux/loadAllDishesByRestaurant.js
FN:9,loadAllDishesByRestaurant
FN:10,(anonymous_1)
FN:14,(anonymous_2)
FN:16,(anonymous_3)
FN:23,(anonymous_4)
FN:37,dismissLoadAllDishesByRestaurantError
FN:43,reducer
FNF:7
FNH:6
FNDA:2,loadAllDishesByRestaurant
FNDA:2,(anonymous_1)
FNDA:2,(anonymous_2)
FNDA:0,(anonymous_3)
FNDA:2,(anonymous_4)
FNDA:1,dismissLoadAllDishesByRestaurantError
FNDA:10,reducer
DA:10,2
DA:11,2
DA:14,2
DA:15,2
DA:17,0
DA:21,0
DA:24,2
DA:28,2
DA:38,1
DA:44,10
DA:47,1
DA:55,1
DA:64,1
DA:72,1
DA:78,6
LF:15
LH:13
BRDA:9,0,0,1
BRDA:44,1,0,1
BRDA:44,1,1,1
BRDA:44,1,2,1
BRDA:44,1,3,1
BRDA:44,1,4,6
BRF:6
BRH:6
end_of_record
TN:
SF:/Users/rchgonzaga/Downloads/jobfair/vanhack_skipthedihes/src/features/home/redux/loadAllRestaurantsByCousine.js
FN:9,loadAllRestaurantsByCousine
FN:10,(anonymous_1)
FN:14,(anonymous_2)
FN:16,(anonymous_3)
FN:24,(anonymous_4)
FN:38,dismissLoadAllRestaurantsByCousineError
FN:44,reducer
FNF:7
FNH:6
FNDA:2,loadAllRestaurantsByCousine
FNDA:2,(anonymous_1)
FNDA:2,(anonymous_2)
FNDA:2,(anonymous_3)
FNDA:0,(anonymous_4)
FNDA:1,dismissLoadAllRestaurantsByCousineError
FNDA:10,reducer
DA:10,2
DA:11,2
DA:14,2
DA:15,2
DA:17,2
DA:21,2
DA:25,0
DA:29,0
DA:39,1
DA:45,10
DA:48,1
DA:56,1
DA:65,1
DA:73,1
DA:79,6
LF:15
LH:13
BRDA:9,0,0,1
BRDA:45,1,0,1
BRDA:45,1,1,1
BRDA:45,1,2,1
BRDA:45,1,3,1
BRDA:45,1,4,6
BRF:6
BRH:6
end_of_record
TN:
SF:/Users/rchgonzaga/Downloads/jobfair/vanhack_skipthedihes/src/features/home/redux/loadRestaurantsByType.js
FN:9,loadRestaurantsByType
FN:10,(anonymous_1)
FN:14,(anonymous_2)
FN:16,(anonymous_3)
FN:23,(anonymous_4)
FN:35,dismissLoadRestaurantsByTypeError
FN:41,reducer
FNF:7
FNH:6
FNDA:3,loadRestaurantsByType
FNDA:2,(anonymous_1)
FNDA:2,(anonymous_2)
FNDA:2,(anonymous_3)
FNDA:0,(anonymous_4)
FNDA:1,dismissLoadRestaurantsByTypeError
FNDA:10,reducer
DA:10,3
DA:11,2
DA:14,2
DA:15,2
DA:17,2
DA:21,2
DA:24,0
DA:28,0
DA:36,1
DA:42,10
DA:45,1
DA:53,1
DA:62,1
DA:70,1
DA:76,6
LF:15
LH:13
BRDA:42,0,0,1
BRDA:42,0,1,1
BRDA:42,0,2,1
BRDA:42,0,3,1
BRDA:42,0,4,6
BRF:5
BRH:5
end_of_record
TN:
SF:/Users/rchgonzaga/Downloads/jobfair/vanhack_skipthedihes/src/features/home/redux/reducer.js
FN:37,reducer
FNF:1
FNH:1
FNDA:6,reducer
DA:23,1
DA:39,6
DA:42,6
DA:43,6
LF:4
LH:4
BRDA:37,0,0,4
BRDA:39,1,0,6
BRF:2
BRH:2
end_of_record
TN:
SF:/Users/rchgonzaga/Downloads/jobfair/vanhack_skipthedihes/src/features/home/redux/removeProductFromCart.js
FN:9,removeProductFromCart
FN:16,reducer
FN:21,(anonymous_2)
FNF:3
FNH:2
FNDA:1,removeProductFromCart
FNDA:7,reducer
FNDA:0,(anonymous_2)
DA:10,1
DA:17,7
DA:19,1
DA:21,0
DA:25,6
LF:5
LH:4
BRDA:17,0,0,1
BRDA:17,0,1,6
BRF:2
BRH:2
end_of_record
TN:
SF:/Users/rchgonzaga/Downloads/jobfair/vanhack_skipthedihes/src/features/home/redux/resetCounter.js
FN:5,resetCounter
FN:11,reducer
FNF:2
FNH:2
FNDA:1,resetCounter
FNDA:7,reducer
DA:6,1
DA:12,7
DA:14,1
DA:20,6
LF:4
LH:4
BRDA:12,0,0,1
BRDA:12,0,1,6
BRF:2
BRH:2
end_of_record
TN:
SF:/Users/rchgonzaga/Downloads/jobfair/vanhack_skipthedihes/src/features/home/redux/userLoggedInSucessfuly.js
FN:5,userLoggedInSucessfuly
FN:11,reducer
FNF:2
FNH:2
FNDA:1,userLoggedInSucessfuly
FNDA:7,reducer
DA:6,1
DA:12,7
DA:14,1
DA:23,6
LF:4
LH:4
BRDA:12,0,0,1
BRDA:12,0,1,6
BRF:2
BRH:2
end_of_record
TN:
SF:/Users/rchgonzaga/Downloads/jobfair/vanhack_skipthedihes/src/features/home/redux/userLoggedOutSucessfuly.js
FN:9,userLoggedOutSucessfuly
FN:15,reducer
FNF:2
FNH:2
FNDA:1,userLoggedOutSucessfuly
FNDA:7,reducer
DA:10,1
DA:16,7
DA:18,1
DA:27,6
LF:4
LH:4
BRDA:16,0,0,1
BRDA:16,0,1,6
BRF:2
BRH:2
end_of_record
