TN:
SF:/Users/rchgonzaga/Downloads/jobfair/vanhack_skipthedihes/src/Root.js
FN:10,renderRouteConfigV3
FN:14,(anonymous_1)
FN:27,(anonymous_2)
FN:34,(anonymous_3)
FN:38,(anonymous_4)
FN:49,(anonymous_5)
FNF:6
FNH:5
FNDA:3,renderRouteConfigV3
FNDA:19,(anonymous_1)
FNDA:0,(anonymous_2)
FNDA:16,(anonymous_3)
FNDA:3,(anonymous_4)
FNDA:2,(anonymous_5)
DA:12,3
DA:14,3
DA:16,19
DA:17,4
DA:19,15
DA:21,19
DA:22,19
DA:23,1
DA:24,1
DA:27,0
DA:31,18
DA:32,9
DA:33,9
DA:34,16
DA:38,3
DA:41,3
DA:50,2
DA:51,2
LF:18
LH:17
BRDA:16,0,0,4
BRDA:16,0,1,15
BRDA:22,1,0,1
BRDA:22,1,1,18
BRDA:22,2,0,19
BRDA:22,2,1,10
BRDA:31,3,0,9
BRDA:31,3,1,9
BRDA:33,4,0,5
BRDA:33,4,1,4
BRF:10
BRH:10
end_of_record
TN:
SF:/Users/rchgonzaga/Downloads/jobfair/vanhack_skipthedihes/src/index.js
FN:14,renderApp
FNF:1
FNH:1
FNDA:1,renderApp
DA:12,1
DA:15,1
DA:23,1
DA:27,1
LF:4
LH:4
BRDA:27,0,0,1
BRF:1
BRH:1
end_of_record
TN:
SF:/Users/rchgonzaga/Downloads/jobfair/vanhack_skipthedihes/src/common/configStore.js
FN:15,(anonymous_0)
FN:29,configureStore
FNF:2
FNH:2
FNDA:2,(anonymous_0)
FNDA:2,configureStore
DA:7,1
DA:10,1
DA:15,2
DA:18,1
DA:30,2
DA:36,2
DA:43,2
LF:7
LH:7
BRDA:18,0,0,1
BRDA:36,1,0,2
BRF:2
BRH:2
end_of_record
TN:
SF:/Users/rchgonzaga/Downloads/jobfair/vanhack_skipthedihes/src/common/history.js
FNF:0
FNH:0
DA:4,1
LF:1
LH:1
BRF:0
BRH:0
end_of_record
TN:
SF:/Users/rchgonzaga/Downloads/jobfair/vanhack_skipthedihes/src/common/rootReducer.js
FNF:0
FNH:0
DA:13,1
LF:1
LH:1
BRF:0
BRH:0
end_of_record
TN:
SF:/Users/rchgonzaga/Downloads/jobfair/vanhack_skipthedihes/src/common/routeConfig.js
FN:21,(anonymous_0)
FN:26,handleIndexRoute
FN:31,(anonymous_2)
FNF:3
FNH:3
FNDA:4,(anonymous_0)
FNDA:11,handleIndexRoute
FNDA:5,(anonymous_2)
DA:9,1
DA:15,1
DA:21,4
DA:27,11
DA:28,8
DA:31,5
DA:32,3
DA:33,2
DA:34,2
DA:35,2
DA:36,2
DA:37,2
DA:39,3
DA:42,1
LF:14
LH:14
BRDA:21,0,0,4
BRDA:21,0,1,3
BRDA:21,0,2,3
BRDA:27,1,0,8
BRDA:27,1,1,3
BRDA:27,2,0,11
BRDA:27,2,1,3
BRDA:32,3,0,2
BRDA:32,3,1,1
BRF:9
BRH:9
end_of_record
TN:
SF:/Users/rchgonzaga/Downloads/jobfair/vanhack_skipthedihes/src/features/common/PageNotFound.js
FN:4,(anonymous_0)
FNF:1
FNH:1
FNDA:1,(anonymous_0)
DA:5,1
LF:1
LH:1
BRF:0
BRH:0
end_of_record
TN:
SF:/Users/rchgonzaga/Downloads/jobfair/vanhack_skipthedihes/src/features/common/index.js
FNF:0
FNH:0
LF:0
LH:0
BRF:0
BRH:0
end_of_record
TN:
SF:/Users/rchgonzaga/Downloads/jobfair/vanhack_skipthedihes/src/features/common/route.js
FNF:0
FNH:0
LF:0
LH:0
BRF:0
BRH:0
end_of_record
TN:
SF:/Users/rchgonzaga/Downloads/jobfair/vanhack_skipthedihes/src/features/common/redux/initialState.js
FNF:0
FNH:0
DA:9,1
LF:1
LH:1
BRF:0
BRH:0
end_of_record
TN:
SF:/Users/rchgonzaga/Downloads/jobfair/vanhack_skipthedihes/src/features/common/redux/reducer.js
FN:14,reducer
FNF:1
FNH:1
FNDA:5,reducer
DA:11,1
DA:16,5
DA:19,5
DA:20,5
LF:4
LH:4
BRDA:14,0,0,4
BRDA:16,1,0,5
BRF:2
BRH:2
end_of_record
TN:
SF:/Users/rchgonzaga/Downloads/jobfair/vanhack_skipthedihes/src/features/home/App.js
FN:19,(anonymous_0)
FNF:1
FNH:0
FNDA:0,(anonymous_0)
DA:20,0
LF:1
LH:0
BRDA:23,0,0,0
BRDA:23,0,1,0
BRF:2
BRH:0
end_of_record
TN:
SF:/Users/rchgonzaga/Downloads/jobfair/vanhack_skipthedihes/src/features/home/Home.js
FN:16,(anonymous_0)
FN:21,(anonymous_1)
FNF:2
FNH:1
FNDA:5,(anonymous_0)
FNDA:0,(anonymous_1)
DA:18,5
DA:22,0
DA:24,0
DA:25,0
LF:4
LH:1
BRDA:34,0,0,0
BRDA:34,0,1,0
BRDA:38,1,0,0
BRDA:38,1,1,0
BRF:4
BRH:0
end_of_record
TN:
SF:/Users/rchgonzaga/Downloads/jobfair/vanhack_skipthedihes/src/features/home/LoginForm.js
FN:13,(anonymous_0)
FNF:1
FNH:0
FNDA:0,(anonymous_0)
DA:14,0
DA:15,0
DA:16,0
LF:3
LH:0
BRF:0
BRH:0
end_of_record
TN:
SF:/Users/rchgonzaga/Downloads/jobfair/vanhack_skipthedihes/src/features/home/ProductList.js
FN:18,(anonymous_0)
FN:23,(anonymous_1)
FN:28,(anonymous_2)
FN:33,(anonymous_3)
FN:57,(anonymous_4)
FNF:5
FNH:0
FNDA:0,(anonymous_0)
FNDA:0,(anonymous_1)
FNDA:0,(anonymous_2)
FNDA:0,(anonymous_3)
FNDA:0,(anonymous_4)
DA:19,0
DA:20,0
DA:24,0
DA:25,0
DA:29,0
DA:34,0
DA:57,0
LF:7
LH:0
BRDA:32,0,0,0
BRDA:32,0,1,0
BRF:2
BRH:0
end_of_record
TN:
SF:/Users/rchgonzaga/Downloads/jobfair/vanhack_skipthedihes/src/features/home/RedditList.js
FN:13,(anonymous_0)
FN:18,(anonymous_1)
FNF:2
FNH:2
FNDA:2,(anonymous_0)
FNDA:5,(anonymous_1)
DA:14,2
DA:18,5
LF:2
LH:2
BRDA:17,0,0,1
BRDA:17,0,1,1
BRF:2
BRH:2
end_of_record
TN:
SF:/Users/rchgonzaga/Downloads/jobfair/vanhack_skipthedihes/src/features/home/Restaurant.js
FN:15,(anonymous_0)
FN:20,(anonymous_1)
FN:30,(anonymous_2)
FN:36,(anonymous_3)
FNF:4
FNH:1
FNDA:1,(anonymous_0)
FNDA:0,(anonymous_1)
FNDA:0,(anonymous_2)
FNDA:0,(anonymous_3)
DA:17,1
DA:21,0
DA:22,0
DA:23,0
DA:24,0
DA:30,0
DA:36,0
LF:7
LH:1
BRDA:35,0,0,0
BRDA:35,0,1,0
BRDA:40,1,0,0
BRDA:40,1,1,0
BRF:4
BRH:0
end_of_record
TN:
SF:/Users/rchgonzaga/Downloads/jobfair/vanhack_skipthedihes/src/features/home/RestaurantList.js
FN:15,(anonymous_0)
FN:20,(anonymous_1)
FNF:2
FNH:1
FNDA:1,(anonymous_0)
FNDA:0,(anonymous_1)
DA:16,1
DA:21,0
LF:2
LH:1
BRDA:19,0,0,0
BRDA:19,0,1,1
BRF:2
BRH:1
end_of_record
TN:
SF:/Users/rchgonzaga/Downloads/jobfair/vanhack_skipthedihes/src/features/home/RestaurantType.js
FN:18,(anonymous_0)
FN:23,(anonymous_1)
FNF:2
FNH:0
FNDA:0,(anonymous_0)
FNDA:0,(anonymous_1)
DA:19,0
DA:24,0
LF:2
LH:0
BRDA:22,0,0,0
BRDA:22,0,1,0
BRDA:28,1,0,0
BRDA:28,1,1,0
BRF:4
BRH:0
end_of_record
TN:
SF:/Users/rchgonzaga/Downloads/jobfair/vanhack_skipthedihes/src/features/home/Restaurants.js
FN:15,(anonymous_0)
FN:20,(anonymous_1)
FN:30,(anonymous_2)
FN:36,(anonymous_3)
FNF:4
FNH:1
FNDA:1,(anonymous_0)
FNDA:0,(anonymous_1)
FNDA:0,(anonymous_2)
FNDA:0,(anonymous_3)
DA:17,1
DA:21,0
DA:22,0
DA:23,0
DA:24,0
DA:30,0
DA:36,0
LF:7
LH:1
BRDA:35,0,0,0
BRDA:35,0,1,0
BRDA:40,1,0,0
BRDA:40,1,1,0
BRF:4
BRH:0
end_of_record
TN:
SF:/Users/rchgonzaga/Downloads/jobfair/vanhack_skipthedihes/src/features/home/SimpleNav.js
FN:14,(anonymous_0)
FN:19,(anonymous_1)
FN:39,(anonymous_2)
FN:43,(anonymous_3)
FN:50,(anonymous_4)
FN:52,(anonymous_5)
FNF:6
FNH:0
FNDA:0,(anonymous_0)
FNDA:0,(anonymous_1)
FNDA:0,(anonymous_2)
FNDA:0,(anonymous_3)
FNDA:0,(anonymous_4)
FNDA:0,(anonymous_5)
DA:15,0
DA:20,0
DA:40,0
DA:41,0
DA:43,0
DA:44,0
DA:51,0
DA:52,0
LF:8
LH:0
BRF:0
BRH:0
end_of_record
TN:
SF:/Users/rchgonzaga/Downloads/jobfair/vanhack_skipthedihes/src/features/home/TestPage.js
FN:13,(anonymous_0)
FNF:1
FNH:1
FNDA:1,(anonymous_0)
DA:14,1
DA:15,1
LF:2
LH:2
BRF:0
BRH:0
end_of_record
TN:
SF:/Users/rchgonzaga/Downloads/jobfair/vanhack_skipthedihes/src/features/home/index.js
FNF:0
FNH:0
LF:0
LH:0
BRF:0
BRH:0
end_of_record
TN:
SF:/Users/rchgonzaga/Downloads/jobfair/vanhack_skipthedihes/src/features/home/route.js
FNF:0
FNH:0
LF:0
LH:0
BRF:0
BRH:0
end_of_record
TN:
SF:/Users/rchgonzaga/Downloads/jobfair/vanhack_skipthedihes/src/features/home/redux/actions.js
FNF:0
FNH:0
LF:0
LH:0
BRF:0
BRH:0
end_of_record
TN:
SF:/Users/rchgonzaga/Downloads/jobfair/vanhack_skipthedihes/src/features/home/redux/addProductToCart.js
FN:7,addProductToCart
FN:14,reducer
FNF:2
FNH:2
FNDA:1,addProductToCart
FNDA:7,reducer
DA:8,1
DA:15,7
DA:17,1
DA:23,6
LF:4
LH:4
BRDA:15,0,0,1
BRDA:15,0,1,6
BRF:2
BRH:2
end_of_record
TN:
SF:/Users/rchgonzaga/Downloads/jobfair/vanhack_skipthedihes/src/features/home/redux/constants.js
FNF:0
FNH:0
DA:3,1
DA:4,1
DA:5,1
DA:6,1
DA:7,1
DA:8,1
DA:9,1
DA:10,1
DA:11,1
DA:12,1
DA:13,1
DA:14,1
DA:15,1
DA:16,1
DA:17,1
DA:18,1
DA:19,1
DA:20,1
DA:21,1
DA:22,1
DA:23,1
DA:24,1
DA:25,1
LF:23
LH:23
BRF:0
BRH:0
end_of_record
TN:
SF:/Users/rchgonzaga/Downloads/jobfair/vanhack_skipthedihes/src/features/home/redux/counterMinusOne.js
FN:5,counterMinusOne
FN:11,reducer
FNF:2
FNH:2
FNDA:1,counterMinusOne
FNDA:7,reducer
DA:6,1
DA:12,7
DA:14,1
DA:20,6
LF:4
LH:4
BRDA:12,0,0,1
BRDA:12,0,1,6
BRF:2
BRH:2
end_of_record
TN:
SF:/Users/rchgonzaga/Downloads/jobfair/vanhack_skipthedihes/src/features/home/redux/counterPlusOne.js
FN:5,counterPlusOne
FN:11,reducer
FNF:2
FNH:2
FNDA:1,counterPlusOne
FNDA:7,reducer
DA:6,1
DA:12,7
DA:14,1
DA:20,6
LF:4
LH:4
BRDA:12,0,0,1
BRDA:12,0,1,6
BRF:2
BRH:2
end_of_record
TN:
SF:/Users/rchgonzaga/Downloads/jobfair/vanhack_skipthedihes/src/features/home/redux/fetchRedditReactjsList.js
FN:9,fetchRedditReactjsList
FN:10,(anonymous_1)
FN:14,(anonymous_2)
FN:16,(anonymous_3)
FN:23,(anonymous_4)
FN:35,dismissFetchRedditReactjsListError
FN:41,reducer
FNF:7
FNH:7
FNDA:2,fetchRedditReactjsList
FNDA:2,(anonymous_1)
FNDA:2,(anonymous_2)
FNDA:1,(anonymous_3)
FNDA:1,(anonymous_4)
FNDA:1,dismissFetchRedditReactjsListError
FNDA:10,reducer
DA:10,2
DA:11,2
DA:14,2
DA:15,2
DA:17,1
DA:21,1
DA:24,1
DA:28,1
DA:36,1
DA:42,10
DA:44,1
DA:51,1
DA:59,1
DA:66,1
DA:72,6
LF:15
LH:15
BRDA:42,0,0,1
BRDA:42,0,1,1
BRDA:42,0,2,1
BRDA:42,0,3,1
BRDA:42,0,4,6
BRF:5
BRH:5
end_of_record
TN:
SF:/Users/rchgonzaga/Downloads/jobfair/vanhack_skipthedihes/src/features/home/redux/initialState.js
FNF:0
FNH:0
DA:8,1
LF:1
LH:1
BRF:0
BRH:0
end_of_record
TN:
SF:/Users/rchgonzaga/Downloads/jobfair/vanhack_skipthedihes/src/features/home/redux/loadAllDishesByRestaurant.js
FN:9,loadAllDishesByRestaurant
FN:10,(anonymous_1)
FN:14,(anonymous_2)
FN:16,(anonymous_3)
FN:23,(anonymous_4)
FN:37,dismissLoadAllDishesByRestaurantError
FN:43,reducer
FNF:7
FNH:6
FNDA:2,loadAllDishesByRestaurant
FNDA:2,(anonymous_1)
FNDA:2,(anonymous_2)
FNDA:0,(anonymous_3)
FNDA:2,(anonymous_4)
FNDA:1,dismissLoadAllDishesByRestaurantError
FNDA:10,reducer
DA:10,2
DA:11,2
DA:14,2
DA:15,2
DA:17,0
DA:21,0
DA:24,2
DA:28,2
DA:38,1
DA:44,10
DA:47,1
DA:55,1
DA:64,1
DA:72,1
DA:78,6
LF:15
LH:13
BRDA:9,0,0,1
BRDA:44,1,0,1
BRDA:44,1,1,1
BRDA:44,1,2,1
BRDA:44,1,3,1
BRDA:44,1,4,6
BRF:6
BRH:6
end_of_record
TN:
SF:/Users/rchgonzaga/Downloads/jobfair/vanhack_skipthedihes/src/features/home/redux/loadAllRestaurantsByCousine.js
FN:9,loadAllRestaurantsByCousine
FN:10,(anonymous_1)
FN:14,(anonymous_2)
FN:16,(anonymous_3)
FN:24,(anonymous_4)
FN:38,dismissLoadAllRestaurantsByCousineError
FN:44,reducer
FNF:7
FNH:6
FNDA:2,loadAllRestaurantsByCousine
FNDA:2,(anonymous_1)
FNDA:2,(anonymous_2)
FNDA:2,(anonymous_3)
FNDA:0,(anonymous_4)
FNDA:1,dismissLoadAllRestaurantsByCousineError
FNDA:10,reducer
DA:10,2
DA:11,2
DA:14,2
DA:15,2
DA:17,2
DA:21,2
DA:25,0
DA:29,0
DA:39,1
DA:45,10
DA:48,1
DA:56,1
DA:65,1
DA:73,1
DA:79,6
LF:15
LH:13
BRDA:9,0,0,1
BRDA:45,1,0,1
BRDA:45,1,1,1
BRDA:45,1,2,1
BRDA:45,1,3,1
BRDA:45,1,4,6
BRF:6
BRH:6
end_of_record
TN:
SF:/Users/rchgonzaga/Downloads/jobfair/vanhack_skipthedihes/src/features/home/redux/loadRestaurantsByType.js
FN:9,loadRestaurantsByType
FN:10,(anonymous_1)
FN:14,(anonymous_2)
FN:16,(anonymous_3)
FN:23,(anonymous_4)
FN:35,dismissLoadRestaurantsByTypeError
FN:41,reducer
FNF:7
FNH:6
FNDA:3,loadRestaurantsByType
FNDA:2,(anonymous_1)
FNDA:2,(anonymous_2)
FNDA:2,(anonymous_3)
FNDA:0,(anonymous_4)
FNDA:1,dismissLoadRestaurantsByTypeError
FNDA:10,reducer
DA:10,3
DA:11,2
DA:14,2
DA:15,2
DA:17,2
DA:21,2
DA:24,0
DA:28,0
DA:36,1
DA:42,10
DA:45,1
DA:53,1
DA:62,1
DA:70,1
DA:76,6
LF:15
LH:13
BRDA:42,0,0,1
BRDA:42,0,1,1
BRDA:42,0,2,1
BRDA:42,0,3,1
BRDA:42,0,4,6
BRF:5
BRH:5
end_of_record
TN:
SF:/Users/rchgonzaga/Downloads/jobfair/vanhack_skipthedihes/src/features/home/redux/reducer.js
FN:37,reducer
FNF:1
FNH:1
FNDA:6,reducer
DA:23,1
DA:39,6
DA:42,6
DA:43,6
LF:4
LH:4
BRDA:37,0,0,4
BRDA:39,1,0,6
BRF:2
BRH:2
end_of_record
TN:
SF:/Users/rchgonzaga/Downloads/jobfair/vanhack_skipthedihes/src/features/home/redux/removeProductFromCart.js
FN:9,removeProductFromCart
FN:16,reducer
FN:21,(anonymous_2)
FNF:3
FNH:2
FNDA:1,removeProductFromCart
FNDA:7,reducer
FNDA:0,(anonymous_2)
DA:10,1
DA:17,7
DA:19,1
DA:21,0
DA:25,6
LF:5
LH:4
BRDA:17,0,0,1
BRDA:17,0,1,6
BRF:2
BRH:2
end_of_record
TN:
SF:/Users/rchgonzaga/Downloads/jobfair/vanhack_skipthedihes/src/features/home/redux/resetCounter.js
FN:5,resetCounter
FN:11,reducer
FNF:2
FNH:2
FNDA:1,resetCounter
FNDA:7,reducer
DA:6,1
DA:12,7
DA:14,1
DA:20,6
LF:4
LH:4
BRDA:12,0,0,1
BRDA:12,0,1,6
BRF:2
BRH:2
end_of_record
TN:
SF:/Users/rchgonzaga/Downloads/jobfair/vanhack_skipthedihes/src/features/home/redux/userLoggedInSucessfuly.js
FN:5,userLoggedInSucessfuly
FN:11,reducer
FNF:2
FNH:2
FNDA:1,userLoggedInSucessfuly
FNDA:7,reducer
DA:6,1
DA:12,7
DA:14,1
DA:23,6
LF:4
LH:4
BRDA:12,0,0,1
BRDA:12,0,1,6
BRF:2
BRH:2
end_of_record
TN:
SF:/Users/rchgonzaga/Downloads/jobfair/vanhack_skipthedihes/src/features/home/redux/userLoggedOutSucessfuly.js
FN:5,userLoggedOutSucessfuly
FN:11,reducer
FNF:2
FNH:2
FNDA:1,userLoggedOutSucessfuly
FNDA:7,reducer
DA:6,1
DA:12,7
DA:14,1
DA:23,6
LF:4
LH:4
BRDA:12,0,0,1
BRDA:12,0,1,6
BRF:2
BRH:2
end_of_record
TN:
SF:/Users/rchgonzaga/Downloads/jobfair/vanhack_skipthedihes/src/features/student/DefaultPage.js
FN:16,(anonymous_0)
FN:21,(anonymous_1)
FN:25,(anonymous_2)
FN:29,(anonymous_3)
FN:33,(anonymous_4)
FN:42,(anonymous_5)
FN:44,(anonymous_6)
FN:48,(anonymous_7)
FNF:8
FNH:2
FNDA:1,(anonymous_0)
FNDA:0,(anonymous_1)
FNDA:0,(anonymous_2)
FNDA:0,(anonymous_3)
FNDA:1,(anonymous_4)
FNDA:0,(anonymous_5)
FNDA:0,(anonymous_6)
FNDA:0,(anonymous_7)
DA:17,1
DA:18,0
DA:22,0
DA:26,0
DA:30,0
DA:34,1
DA:42,0
DA:44,0
DA:48,0
LF:9
LH:2
BRF:0
BRH:0
end_of_record
TN:
SF:/Users/rchgonzaga/Downloads/jobfair/vanhack_skipthedihes/src/features/student/ModalNewStudent.js
FN:15,(anonymous_0)
FN:19,(anonymous_1)
FN:21,(anonymous_2)
FN:26,(anonymous_3)
FN:35,(anonymous_4)
FNF:5
FNH:2
FNDA:1,(anonymous_0)
FNDA:0,(anonymous_1)
FNDA:0,(anonymous_2)
FNDA:1,(anonymous_3)
FNDA:0,(anonymous_4)
DA:16,1
DA:19,0
DA:23,0
DA:27,1
DA:35,0
LF:5
LH:2
BRF:0
BRH:0
end_of_record
TN:
SF:/Users/rchgonzaga/Downloads/jobfair/vanhack_skipthedihes/src/features/student/NewStudentForm.js
FN:6,(anonymous_0)
FN:18,(anonymous_1)
FN:31,(anonymous_2)
FNF:3
FNH:0
FNDA:0,(anonymous_0)
FNDA:0,(anonymous_1)
FNDA:0,(anonymous_2)
DA:6,1
DA:7,0
DA:8,0
DA:9,0
DA:12,0
DA:13,0
DA:15,0
DA:18,1
DA:19,0
DA:20,0
DA:31,0
LF:11
LH:2
BRDA:8,0,0,0
BRDA:8,0,1,0
BRDA:12,1,0,0
BRDA:12,1,1,0
BRDA:46,2,0,0
BRDA:46,2,1,0
BRF:6
BRH:0
end_of_record
TN:
SF:/Users/rchgonzaga/Downloads/jobfair/vanhack_skipthedihes/src/features/student/SemanticUiReduxForm.js
FN:39,(anonymous_0)
FN:59,(anonymous_1)
FN:63,(anonymous_2)
FN:83,(anonymous_3)
FN:96,(anonymous_4)
FN:107,(anonymous_5)
FN:124,(anonymous_6)
FN:135,(anonymous_7)
FN:141,(anonymous_8)
FN:146,(anonymous_9)
FN:153,(anonymous_10)
FN:158,(anonymous_11)
FN:164,(anonymous_12)
FN:168,(anonymous_13)
FN:172,(anonymous_14)
FN:177,(anonymous_15)
FN:183,(anonymous_16)
FN:188,(anonymous_17)
FN:192,(anonymous_18)
FN:197,(anonymous_19)
FN:203,(anonymous_20)
FN:213,(anonymous_21)
FN:237,(anonymous_22)
FN:241,(anonymous_23)
FN:258,(anonymous_24)
FN:269,(anonymous_25)
FN:275,(anonymous_26)
FN:280,(anonymous_27)
FN:303,(anonymous_28)
FNF:29
FNH:0
FNDA:0,(anonymous_0)
FNDA:0,(anonymous_1)
FNDA:0,(anonymous_2)
FNDA:0,(anonymous_3)
FNDA:0,(anonymous_4)
FNDA:0,(anonymous_5)
FNDA:0,(anonymous_6)
FNDA:0,(anonymous_7)
FNDA:0,(anonymous_8)
FNDA:0,(anonymous_9)
FNDA:0,(anonymous_10)
FNDA:0,(anonymous_11)
FNDA:0,(anonymous_12)
FNDA:0,(anonymous_13)
FNDA:0,(anonymous_14)
FNDA:0,(anonymous_15)
FNDA:0,(anonymous_16)
FNDA:0,(anonymous_17)
FNDA:0,(anonymous_18)
FNDA:0,(anonymous_19)
FNDA:0,(anonymous_20)
FNDA:0,(anonymous_21)
FNDA:0,(anonymous_22)
FNDA:0,(anonymous_23)
FNDA:0,(anonymous_24)
FNDA:0,(anonymous_25)
FNDA:0,(anonymous_26)
FNDA:0,(anonymous_27)
FNDA:0,(anonymous_28)
DA:39,1
DA:48,0
DA:59,1
DA:60,0
DA:63,1
DA:72,0
DA:83,1
DA:86,0
DA:96,1
DA:97,0
DA:107,1
DA:117,0
DA:124,0
DA:135,1
DA:136,0
DA:141,0
DA:146,1
DA:147,0
DA:153,0
DA:158,1
DA:159,0
DA:164,0
DA:168,1
DA:169,0
DA:172,0
DA:177,1
DA:178,0
DA:183,0
DA:188,1
DA:189,0
DA:192,0
DA:197,1
DA:198,0
DA:203,0
DA:213,1
DA:224,0
DA:237,1
DA:238,0
DA:241,1
DA:251,0
DA:258,0
DA:269,1
DA:270,0
DA:275,0
DA:280,1
DA:289,0
DA:290,0
DA:303,1
DA:304,0
DA:305,0
LF:50
LH:19
BRDA:48,0,0,0
BRDA:48,0,1,0
BRDA:49,1,0,0
BRDA:49,1,1,0
BRDA:51,2,0,0
BRDA:51,2,1,0
BRDA:51,3,0,0
BRDA:51,3,1,0
BRDA:72,4,0,0
BRDA:72,4,1,0
BRDA:73,5,0,0
BRDA:73,5,1,0
BRDA:75,6,0,0
BRDA:75,6,1,0
BRDA:75,7,0,0
BRDA:75,7,1,0
BRDA:86,8,0,0
BRDA:86,8,1,0
BRDA:88,9,0,0
BRDA:88,9,1,0
BRDA:88,10,0,0
BRDA:88,10,1,0
BRDA:117,11,0,0
BRDA:117,11,1,0
BRDA:118,12,0,0
BRDA:118,12,1,0
BRDA:127,13,0,0
BRDA:127,13,1,0
BRDA:127,14,0,0
BRDA:127,14,1,0
BRDA:224,15,0,0
BRDA:224,15,1,0
BRDA:229,16,0,0
BRDA:229,16,1,0
BRDA:229,17,0,0
BRDA:229,17,1,0
BRDA:251,18,0,0
BRDA:251,18,1,0
BRDA:252,19,0,0
BRDA:252,19,1,0
BRDA:261,20,0,0
BRDA:261,20,1,0
BRDA:261,21,0,0
BRDA:261,21,1,0
BRDA:291,22,0,0
BRDA:291,22,1,0
BRDA:292,23,0,0
BRDA:292,23,1,0
BRDA:294,24,0,0
BRDA:294,24,1,0
BRDA:294,25,0,0
BRDA:294,25,1,0
BRF:52
BRH:0
end_of_record
TN:
SF:/Users/rchgonzaga/Downloads/jobfair/vanhack_skipthedihes/src/features/student/StudentList.js
FN:15,(anonymous_0)
FN:20,(anonymous_1)
FNF:2
FNH:1
FNDA:1,(anonymous_0)
FNDA:0,(anonymous_1)
DA:16,1
DA:21,0
LF:2
LH:1
BRDA:19,0,0,0
BRDA:19,0,1,0
BRF:2
BRH:0
end_of_record
TN:
SF:/Users/rchgonzaga/Downloads/jobfair/vanhack_skipthedihes/src/features/student/index.js
FNF:0
FNH:0
LF:0
LH:0
BRF:0
BRH:0
end_of_record
TN:
SF:/Users/rchgonzaga/Downloads/jobfair/vanhack_skipthedihes/src/features/student/route.js
FNF:0
FNH:0
LF:0
LH:0
BRF:0
BRH:0
end_of_record
TN:
SF:/Users/rchgonzaga/Downloads/jobfair/vanhack_skipthedihes/src/features/student/redux/actions.js
FNF:0
FNH:0
LF:0
LH:0
BRF:0
BRH:0
end_of_record
TN:
SF:/Users/rchgonzaga/Downloads/jobfair/vanhack_skipthedihes/src/features/student/redux/closeModalNewStudent.js
FN:9,closeModalNewStudent
FN:15,reducer
FNF:2
FNH:2
FNDA:1,closeModalNewStudent
FNDA:7,reducer
DA:10,1
DA:16,7
DA:18,1
DA:24,6
LF:4
LH:4
BRDA:16,0,0,1
BRDA:16,0,1,6
BRF:2
BRH:2
end_of_record
TN:
SF:/Users/rchgonzaga/Downloads/jobfair/vanhack_skipthedihes/src/features/student/redux/constants.js
FNF:0
FNH:0
DA:1,1
DA:2,1
DA:3,1
DA:4,1
DA:5,1
DA:6,1
DA:7,1
DA:8,1
DA:9,1
DA:10,1
DA:11,1
DA:12,1
DA:13,1
DA:14,1
LF:14
LH:14
BRF:0
BRH:0
end_of_record
TN:
SF:/Users/rchgonzaga/Downloads/jobfair/vanhack_skipthedihes/src/features/student/redux/initialState.js
FNF:0
FNH:0
DA:1,1
LF:1
LH:1
BRF:0
BRH:0
end_of_record
TN:
SF:/Users/rchgonzaga/Downloads/jobfair/vanhack_skipthedihes/src/features/student/redux/loadGenreList.js
FN:11,loadGenreList
FN:12,(anonymous_1)
FN:17,(anonymous_2)
FN:19,(anonymous_3)
FN:26,(anonymous_4)
FN:38,dismissLoadGenreListError
FN:44,reducer
FNF:7
FNH:6
FNDA:2,loadGenreList
FNDA:2,(anonymous_1)
FNDA:2,(anonymous_2)
FNDA:2,(anonymous_3)
FNDA:0,(anonymous_4)
FNDA:1,dismissLoadGenreListError
FNDA:10,reducer
DA:9,1
DA:12,2
DA:13,2
DA:17,2
DA:18,2
DA:20,2
DA:24,2
DA:27,0
DA:31,0
DA:39,1
DA:45,10
DA:48,1
DA:56,1
DA:65,1
DA:73,1
DA:79,6
LF:16
LH:14
BRDA:11,0,0,1
BRDA:45,1,0,1
BRDA:45,1,1,1
BRDA:45,1,2,1
BRDA:45,1,3,1
BRDA:45,1,4,6
BRF:6
BRH:6
end_of_record
TN:
SF:/Users/rchgonzaga/Downloads/jobfair/vanhack_skipthedihes/src/features/student/redux/loadSchoolList.js
FN:11,loadSchoolList
FN:12,(anonymous_1)
FN:17,(anonymous_2)
FN:20,(anonymous_3)
FN:28,(anonymous_4)
FN:42,dismissLoadSchoolListError
FN:48,reducer
FNF:7
FNH:6
FNDA:2,loadSchoolList
FNDA:2,(anonymous_1)
FNDA:2,(anonymous_2)
FNDA:2,(anonymous_3)
FNDA:0,(anonymous_4)
FNDA:1,dismissLoadSchoolListError
FNDA:10,reducer
DA:9,1
DA:12,2
DA:13,2
DA:17,2
DA:19,2
DA:21,2
DA:25,2
DA:29,0
DA:33,0
DA:43,1
DA:49,10
DA:52,1
DA:60,1
DA:69,1
DA:77,1
DA:83,6
LF:16
LH:14
BRDA:11,0,0,1
BRDA:49,1,0,1
BRDA:49,1,1,1
BRDA:49,1,2,1
BRDA:49,1,3,1
BRDA:49,1,4,6
BRF:6
BRH:6
end_of_record
TN:
SF:/Users/rchgonzaga/Downloads/jobfair/vanhack_skipthedihes/src/features/student/redux/loadStudentList.js
FN:11,loadStudentList
FN:12,(anonymous_1)
FN:16,(anonymous_2)
FN:18,(anonymous_3)
FN:25,(anonymous_4)
FN:39,dismissLoadStudentListError
FN:45,reducer
FNF:7
FNH:6
FNDA:2,loadStudentList
FNDA:2,(anonymous_1)
FNDA:2,(anonymous_2)
FNDA:2,(anonymous_3)
FNDA:0,(anonymous_4)
FNDA:1,dismissLoadStudentListError
FNDA:10,reducer
DA:9,1
DA:12,2
DA:13,2
DA:16,2
DA:17,2
DA:19,2
DA:23,2
DA:26,0
DA:30,0
DA:40,1
DA:46,10
DA:49,1
DA:57,1
DA:66,1
DA:74,1
DA:80,6
LF:16
LH:14
BRDA:11,0,0,1
BRDA:46,1,0,1
BRDA:46,1,1,1
BRDA:46,1,2,1
BRDA:46,1,3,1
BRDA:46,1,4,6
BRF:6
BRH:6
end_of_record
TN:
SF:/Users/rchgonzaga/Downloads/jobfair/vanhack_skipthedihes/src/features/student/redux/reducer.js
FN:16,reducer
FN:24,(anonymous_1)
FNF:2
FNH:2
FNDA:6,reducer
FNDA:30,(anonymous_1)
DA:8,1
DA:18,6
DA:21,6
DA:22,6
DA:24,30
LF:5
LH:5
BRDA:16,0,0,4
BRDA:18,1,0,6
BRF:2
BRH:2
end_of_record
TN:
SF:/Users/rchgonzaga/Downloads/jobfair/vanhack_skipthedihes/src/features/student/redux/showModalNewStudent.js
FN:5,showModalNewStudent
FN:11,reducer
FNF:2
FNH:2
FNDA:1,showModalNewStudent
FNDA:7,reducer
DA:6,1
DA:12,7
DA:14,1
DA:20,6
LF:4
LH:4
BRDA:12,0,0,1
BRDA:12,0,1,6
BRF:2
BRH:2
end_of_record
